[2025-06-17T12:00:46.852Z] Pedro entrou na sala amigos
[2025-06-17T12:01:20.963Z] Pedro saiu da sala amigos
[2025-06-17T18:52:39.184Z] Pedro entrou na sala Sala Distribuida
[2025-06-17T18:52:56.557Z] Pedro (sala Sala Distribuida): Olá
[2025-06-17T18:55:24.350Z] Pedro saiu da sala Sala Distribuida
[2025-06-17T18:55:30.970Z] Pedro entrou na sala Sala Distribuida
[2025-06-17T18:55:37.041Z] Pedro (sala Sala Distribuida): Oi
[2025-06-17T18:55:44.601Z] Pedro (sala Sala Distribuida) enviou imagem: 00acbd8b-df2d-4c54-902a-7715dd07c3e7.png
[2025-06-17T18:57:35.217Z] Pedro (sala Sala Distribuida): 🥳
[2025-06-17T19:02:36.458Z] Pedro entrou na sala Sala Distribuida
[2025-06-17T19:02:41.635Z] Pedro (sala Sala Distribuida): Oie
[2025-06-17T19:02:49.641Z] Pedro (sala Sala Distribuida): Mamma mia
[2025-06-18T08:50:17.787Z] Pedro entrou na sala Sala Distribuida
[2025-06-18T08:50:20.206Z] Pedro saiu da sala Sala Distribuida
[2025-06-18T08:50:20.332Z] Pedro saiu da sala Sala Distribuida
[2025-06-18T09:12:15.096Z] Lia entrou na sala Sala Distribuida
[2025-06-18T09:12:26.847Z] Pedro entrou na sala Sala Distribuida
[2025-06-18T09:12:38.897Z] Pedro (sala Sala Distribuida): olá
[2025-06-18T09:12:44.773Z] Lia (sala Sala Distribuida): Oie
[2025-06-18T09:24:14.629Z] Pedro entrou na sala Sala Distribuida
[2025-06-18T09:28:07.975Z] Pedro entrou na sala Sala Distribuida
[2025-06-18T09:28:18.581Z] Pedro enviou o arquivo Desafio_SBC_Mineracao_de_Dados (1).pdf (3c4f1e55-379e-491e-a28a-fe882d1ad6a1.pdf)
[2025-06-18T09:31:00.032Z] Pedro entrou na sala Sala Distribuida
[2025-06-18T09:31:47.041Z] Pedro saiu da sala Sala Distribuida
[2025-06-18T09:31:58.589Z] Pedro entrou na sala Sala Distribuida
[2025-06-18T09:32:07.220Z] Pedro enviou o arquivo TP 02 - Estilos Arquiteturais em Sistemas Distribuídos.pdf (1628c1ee-5af7-47cf-add7-8f363e12e4e0.pdf)
[2025-06-18T09:32:11.166Z] Pedro (sala Sala Distribuida) enviou imagem: ca8d1e85-c6ea-49d4-9aeb-5fbb6a45cf58.png
[2025-06-18T09:32:15.785Z] Pedro saiu da sala Sala Distribuida
[2025-06-18T18:09:11.349Z] yuri entrou na sala Sala Distribuida
[2025-06-18T18:09:17.794Z] yuri (sala Sala Distribuida): ola
[2025-06-18T18:09:35.326Z] Pedro entrou na sala Sala Distribuida
[2025-06-18T18:09:37.320Z] Pedro saiu da sala Sala Distribuida
[2025-06-18T18:09:37.425Z] Pedro saiu da sala Sala Distribuida
[2025-06-18T18:09:44.805Z] Pedro entrou na sala Sala Distribuida
[2025-06-18T18:09:48.668Z] Pedro (sala Sala Distribuida): Oi
[2025-06-18T18:09:49.411Z] yuri (sala Sala Distribuida): ola
[2025-06-18T18:09:59.538Z] Pedro enviou o arquivo Desafio_SBC_Mineracao_de_Dados (1).pdf (cc813bc0-2d69-4088-9dc2-a840eedd7ea5.pdf)
[2025-06-18T18:10:12.105Z] yuri (sala Sala Distribuida) enviou imagem: 270c6ef1-7606-4c04-929a-a5b5b9ff8344.jpeg
[2025-06-18T18:10:20.245Z] yuri saiu da sala Sala Distribuida
[2025-06-18T18:10:24.489Z] Pedro saiu da sala Sala Distribuida
[2025-06-18T18:10:24.527Z] Pedro saiu da sala Sala Distribuida
[2025-06-18T18:14:30.007Z] Pedro entrou na sala Sala Distribuida
[2025-06-18T20:19:47.801Z] Pedro entrou na sala Sala Distribuida
[2025-06-18T20:19:50.185Z] Reider entrou na sala Sala Distribuida
[2025-06-18T20:19:56.022Z] clayton entrou na sala Sala Distribuido
[2025-06-18T20:19:57.753Z] Joana entrou na sala Sala Distribuida
[2025-06-18T20:20:01.335Z] Reider (sala Sala Distribuida): hellooooo guys
[2025-06-18T20:20:04.248Z] Joana (sala Sala Distribuida): olaaaaaaaaaaaaaaaaaaaaaaaaaa
[2025-06-18T20:20:04.554Z] clayton (sala Sala Distribuido): okay
[2025-06-18T20:20:05.380Z] Pedro (sala Sala Distribuida): Oi
[2025-06-18T20:20:13.991Z] Joana (sala Sala Distribuida): olaaaaaaaaaaaaa
[2025-06-18T20:20:16.496Z] Pedro saiu da sala Sala Distribuida
[2025-06-18T20:20:17.786Z] Reider (sala Sala Distribuida): joana foi expulsa da sala
[2025-06-18T20:20:23.110Z] Reider saiu da sala Sala Distribuida
[2025-06-18T20:20:31.431Z] Pedro (sala Sala Distribuida) enviou imagem: 3b909037-b08f-4f60-8227-fc58f81dd26d.png
[2025-06-18T20:20:36.732Z] clayton saiu da sala Sala Distribuido
[2025-06-18T20:20:41.141Z] Elson entrou na sala Sala Distribuida
[2025-06-18T20:20:43.082Z] Elson saiu da sala Sala Distribuida
[2025-06-18T20:20:43.127Z] Elson entrou na sala Sala Distribuida
[2025-06-18T20:20:46.707Z] Pedro (sala Sala Distribuida): L
[2025-06-18T20:20:46.825Z] Reider (sala Sala Distribuida): O pai ta on
[2025-06-18T20:20:47.023Z] clayton entrou na sala sala Distribuido
[2025-06-18T20:20:48.768Z] Joana (sala Sala Distribuida) enviou imagem: 44180793-32b4-4471-b409-cdde56a5edab.jpeg
[2025-06-18T20:20:55.865Z] Elson saiu da sala Sala Distribuida
[2025-06-18T20:21:01.601Z] Joana (sala Sala Distribuida): ihhhhhhhhhhhhh
[2025-06-18T20:21:09.746Z] Elson entrou na sala Sala Distribuida
[2025-06-18T20:21:13.085Z] Pedro saiu da sala Sala Distribuida
[2025-06-18T20:21:14.538Z] Elson saiu da sala Sala Distribuida
[2025-06-18T20:21:25.134Z] Pedro entrou na sala Sala Distribuida
[2025-06-18T20:21:27.794Z] Elson (sala Sala Distribuida): You
[2025-06-18T20:21:30.068Z] Reider (sala Sala Distribuida): 20 na pauta
[2025-06-18T20:21:36.883Z] Pedro (sala Sala Distribuida) enviou imagem: 2a69471e-e69a-4e62-8b04-8b9fbf0ea7da.png
[2025-06-18T20:21:40.207Z] Elson (sala Sala Distribuida): 
[2025-06-18T20:21:42.823Z] Pedro saiu da sala Sala Distribuida
[2025-06-18T20:21:55.614Z] Joana (sala Sala Distribuida): olaaaaaaaaa
[2025-06-18T20:22:09.810Z] Reider entrou na sala Sala Distribuida
[2025-06-18T20:22:13.951Z] Pedro saiu da sala Sala Distribuida
[2025-06-18T20:22:16.920Z] Reider saiu da sala Sala Distribuida
[2025-06-18T20:22:23.307Z] Joana saiu da sala Sala Distribuida
[2025-06-18T20:22:23.721Z] Pedro entrou na sala Sala Distribuida
[2025-06-18T20:22:34.161Z] Reider (sala Sala Distribuida): qsww
[2025-06-18T20:22:54.753Z] Pedro saiu da sala Sala Distribuida
[2025-06-18T20:22:54.795Z] Pedro saiu da sala Sala Distribuida
[2025-06-18T20:25:17.991Z] clayton saiu da sala sala Distribuido
[2025-06-18T20:32:34.462Z] Pedro entrou na sala Sala Distribuida
[2025-06-18T20:32:48.639Z] Lia entrou na sala Sala Distribuida
[2025-06-18T20:32:52.381Z] Lia enviou o arquivo Aula 1 - Introdução (1).pdf (581b4120-7d94-4d5c-8023-c58ee2216661.pdf)
